mvn clean compile
[INFO] Scanning for projects...
[INFO] 
[INFO] --------------------------< com.example:demo >--------------------------
[INFO] Building demo 0.0.1-SNAPSHOT
[INFO] --------------------------------[ jar ]---------------------------------
[INFO] 
[INFO] --- maven-clean-plugin:3.3.2:clean (default-clean) @ demo ---
[INFO] Deleting /home/coder/Workspace/demo/target
[INFO] 
[INFO] --- maven-resources-plugin:3.3.1:resources (default-resources) @ demo ---
[INFO] Copying 1 resource from src/main/resources to target/classes
[INFO] Copying 0 resource from src/main/resources to target/classes
[INFO] 
[INFO] --- maven-compiler-plugin:3.13.0:compile (default-compile) @ demo ---
[INFO] Recompiling the module because of changed source code.
[INFO] Compiling 40 source files with javac [debug parameters release 17] to target/classes
[INFO] -------------------------------------------------------------
[ERROR] COMPILATION ERROR : 
[INFO] -------------------------------------------------------------
[ERROR] /home/coder/Workspace/demo/src/main/java/com/example/demo/controller/EventUpdateController.java:[12,8] class EventController is public, should be declared in a file named EventController.java
[ERROR] /home/coder/Workspace/demo/src/main/java/com/example/demo/security/jwtUtil.java:[9,8] class JwtUtil is public, should be declared in a file named JwtUtil.java
[ERROR] /home/coder/Workspace/demo/src/main/java/com/example/demo/controller/AuthController.java:[6,32] cannot find symbol
  symbol:   class AuthService
  location: package com.example.demo.service
[ERROR] /home/coder/Workspace/demo/src/main/java/com/example/demo/controller/AuthController.java:[16,13] cannot find symbol
  symbol:   class AuthService
  location: class com.example.demo.controller.AuthController
[ERROR] /home/coder/Workspace/demo/src/main/java/com/example/demo/security/CustomUserDetails.java:[4,41] package org.springframework.security.core does not exist
[ERROR] /home/coder/Workspace/demo/src/main/java/com/example/demo/security/CustomUserDetails.java:[5,53] package org.springframework.security.core.userdetails does not exist
[ERROR] /home/coder/Workspace/demo/src/main/java/com/example/demo/security/CustomUserDetails.java:[10,43] cannot find symbol
  symbol: class UserDetails
[ERROR] /home/coder/Workspace/demo/src/main/java/com/example/demo/security/CustomUserDetails.java:[19,33] cannot find symbol
  symbol:   class GrantedAuthority
  location: class com.example.demo.security.CustomUserDetails
[ERROR] /home/coder/Workspace/demo/src/main/java/com/example/demo/security/CustomUserDetailsService.java:[6,53] package org.springframework.security.core.userdetails does not exist
[ERROR] /home/coder/Workspace/demo/src/main/java/com/example/demo/security/CustomUserDetailsService.java:[7,53] package org.springframework.security.core.userdetails does not exist
[ERROR] /home/coder/Workspace/demo/src/main/java/com/example/demo/security/CustomUserDetailsService.java:[8,53] package org.springframework.security.core.userdetails does not exist
[ERROR] /home/coder/Workspace/demo/src/main/java/com/example/demo/security/CustomUserDetailsService.java:[12,50] cannot find symbol
  symbol: class UserDetailsService
[ERROR] /home/coder/Workspace/demo/src/main/java/com/example/demo/security/CustomUserDetailsService.java:[18,12] cannot find symbol
  symbol:   class UserDetails
  location: class com.example.demo.security.CustomUserDetailsService
[ERROR] /home/coder/Workspace/demo/src/main/java/com/example/demo/security/CustomUserDetailsService.java:[19,20] cannot find symbol
  symbol:   class UsernameNotFoundException
  location: class com.example.demo.security.CustomUserDetailsService
[ERROR] /home/coder/Workspace/demo/src/main/java/com/example/demo/security/JwtAuthenticationFilter.java:[8,51] package org.springframework.security.authentication does not exist
[ERROR] /home/coder/Workspace/demo/src/main/java/com/example/demo/security/JwtAuthenticationFilter.java:[9,49] package org.springframework.security.core.context does not exist
[ERROR] /home/coder/Workspace/demo/src/main/java/com/example/demo/security/JwtAuthenticationFilter.java:[10,55] package org.springframework.security.web.authentication does not exist
[ERROR] /home/coder/Workspace/demo/src/main/java/com/example/demo/security/jwtUtil.java:[36,13] cannot find symbol
  symbol:   class Claims
  location: class com.example.demo.security.JwtUtil
[ERROR] /home/coder/Workspace/demo/src/main/java/com/example/demo/security/jwtUtil.java:[3,1] package io.jsonwebtoken does not exist
[ERROR] /home/coder/Workspace/demo/src/main/java/com/example/demo/service/impl/UserServiceImpl.java:[8,52] package org.springframework.security.crypto.password does not exist
[ERROR] /home/coder/Workspace/demo/src/main/java/com/example/demo/service/impl/UserServiceImpl.java:[18,13] cannot find symbol
  symbol:   class PasswordEncoder
  location: class com.example.demo.service.impl.UserServiceImpl
[ERROR] /home/coder/Workspace/demo/src/main/java/com/example/demo/controller/UserController.java:[19,27] cannot find symbol
  symbol:   method getAllUsers()
  location: variable userService of type com.example.demo.service.UserService
[ERROR] /home/coder/Workspace/demo/src/main/java/com/example/demo/controller/UserController.java:[24,27] cannot find symbol
  symbol:   method getUserById(java.lang.Long)
  location: variable userService of type com.example.demo.service.UserService
[ERROR] /home/coder/Workspace/demo/src/main/java/com/example/demo/security/CustomUserDetails.java:[18,5] method does not override or implement a method from a supertype
[ERROR] /home/coder/Workspace/demo/src/main/java/com/example/demo/security/CustomUserDetails.java:[23,5] method does not override or implement a method from a supertype
[ERROR] /home/coder/Workspace/demo/src/main/java/com/example/demo/security/CustomUserDetails.java:[25,20] cannot find symbol
  symbol:   method getPassword()
  location: variable user of type com.example.demo.entity.User
[ERROR] /home/coder/Workspace/demo/src/main/java/com/example/demo/security/CustomUserDetails.java:[28,5] method does not override or implement a method from a supertype
[ERROR] /home/coder/Workspace/demo/src/main/java/com/example/demo/security/CustomUserDetails.java:[30,20] cannot find symbol
  symbol:   method getEmail()
  location: variable user of type com.example.demo.entity.User
[ERROR] /home/coder/Workspace/demo/src/main/java/com/example/demo/security/CustomUserDetails.java:[33,5] method does not override or implement a method from a supertype
[ERROR] /home/coder/Workspace/demo/src/main/java/com/example/demo/security/CustomUserDetails.java:[38,5] method does not override or implement a method from a supertype
[ERROR] /home/coder/Workspace/demo/src/main/java/com/example/demo/security/CustomUserDetails.java:[43,5] method does not override or implement a method from a supertype
[ERROR] /home/coder/Workspace/demo/src/main/java/com/example/demo/security/CustomUserDetails.java:[48,5] method does not override or implement a method from a supertype
[ERROR] /home/coder/Workspace/demo/src/main/java/com/example/demo/security/CustomUserDetailsService.java:[17,5] method does not override or implement a method from a supertype
[ERROR] /home/coder/Workspace/demo/src/main/java/com/example/demo/security/CustomUserDetailsService.java:[23,29] cannot find symbol
  symbol:   class UsernameNotFoundException
  location: class com.example.demo.security.CustomUserDetailsService
[ERROR] /home/coder/Workspace/demo/src/main/java/com/example/demo/security/JwtAuthenticationFilter.java:[41,17] cannot find symbol
  symbol:   variable SecurityContextHolder
  location: class com.example.demo.security.JwtAuthenticationFilter
[ERROR] /home/coder/Workspace/demo/src/main/java/com/example/demo/security/JwtAuthenticationFilter.java:[46,13] cannot find symbol
  symbol:   class UsernamePasswordAuthenticationToken
  location: class com.example.demo.security.JwtAuthenticationFilter
[ERROR] /home/coder/Workspace/demo/src/main/java/com/example/demo/security/JwtAuthenticationFilter.java:[47,25] cannot find symbol
  symbol:   class UsernamePasswordAuthenticationToken
  location: class com.example.demo.security.JwtAuthenticationFilter
[ERROR] /home/coder/Workspace/demo/src/main/java/com/example/demo/security/JwtAuthenticationFilter.java:[52,33] cannot find symbol
  symbol:   class WebAuthenticationDetailsSource
  location: class com.example.demo.security.JwtAuthenticationFilter
[ERROR] /home/coder/Workspace/demo/src/main/java/com/example/demo/security/JwtAuthenticationFilter.java:[53,13] cannot find symbol
  symbol:   variable SecurityContextHolder
  location: class com.example.demo.security.JwtAuthenticationFilter
[ERROR] /home/coder/Workspace/demo/src/main/java/com/example/demo/security/jwtUtil.java:[19,27] cannot find symbol
  symbol:   variable SignatureAlgorithm
  location: class com.example.demo.security.JwtUtil
[ERROR] /home/coder/Workspace/demo/src/main/java/com/example/demo/security/jwtUtil.java:[15,16] cannot find symbol
  symbol:   variable Jwts
  location: class com.example.demo.security.JwtUtil
[ERROR] /home/coder/Workspace/demo/src/main/java/com/example/demo/security/jwtUtil.java:[37,16] cannot find symbol
  symbol:   variable Jwts
  location: class com.example.demo.security.JwtUtil
[ERROR] /home/coder/Workspace/demo/src/main/java/com/example/demo/service/impl/UserServiceImpl.java:[23,46] cannot find symbol
  symbol:   method getEmail()
  location: variable user of type com.example.demo.entity.User
[ERROR] /home/coder/Workspace/demo/src/main/java/com/example/demo/service/impl/UserServiceImpl.java:[27,53] cannot find symbol
  symbol:   method getPassword()
  location: variable user of type com.example.demo.entity.User
[INFO] 44 errors 
[INFO] -------------------------------------------------------------
[INFO] ------------------------------------------------------------------------
[INFO] BUILD FAILURE
[INFO] ------------------------------------------------------------------------
[INFO] Total time:  17.900 s
[INFO] Finished at: 2025-12-26T09:10:36Z
[INFO] ------------------------------------------------------------------------
[ERROR] Failed to execute goal org.apache.maven.plugins:maven-compiler-plugin:3.13.0:compile (default-compile) on project demo: Compilation failure: Compilation failure: 
[ERROR] /home/coder/Workspace/demo/src/main/java/com/example/demo/controller/EventUpdateController.java:[12,8] class EventController is public, should be declared in a file named EventController.java
[ERROR] /home/coder/Workspace/demo/src/main/java/com/example/demo/security/jwtUtil.java:[9,8] class JwtUtil is public, should be declared in a file named JwtUtil.java
[ERROR] /home/coder/Workspace/demo/src/main/java/com/example/demo/controller/AuthController.java:[6,32] cannot find symbol
[ERROR]   symbol:   class AuthService
[ERROR]   location: package com.example.demo.service
[ERROR] /home/coder/Workspace/demo/src/main/java/com/example/demo/controller/AuthController.java:[16,13] cannot find symbol
[ERROR]   symbol:   class AuthService
[ERROR]   location: class com.example.demo.controller.AuthController
[ERROR] /home/coder/Workspace/demo/src/main/java/com/example/demo/security/CustomUserDetails.java:[4,41] package org.springframework.security.core does not exist
[ERROR] /home/coder/Workspace/demo/src/main/java/com/example/demo/security/CustomUserDetails.java:[5,53] package org.springframework.security.core.userdetails does not exist
[ERROR] /home/coder/Workspace/demo/src/main/java/com/example/demo/security/CustomUserDetails.java:[10,43] cannot find symbol
[ERROR]   symbol: class UserDetails
[ERROR] /home/coder/Workspace/demo/src/main/java/com/example/demo/security/CustomUserDetails.java:[19,33] cannot find symbol
[ERROR]   symbol:   class GrantedAuthority
[ERROR]   location: class com.example.demo.security.CustomUserDetails
[ERROR] /home/coder/Workspace/demo/src/main/java/com/example/demo/security/CustomUserDetailsService.java:[6,53] package org.springframework.security.core.userdetails does not exist
[ERROR] /home/coder/Workspace/demo/src/main/java/com/example/demo/security/CustomUserDetailsService.java:[7,53] package org.springframework.security.core.userdetails does not exist
[ERROR] /home/coder/Workspace/demo/src/main/java/com/example/demo/security/CustomUserDetailsService.java:[8,53] package org.springframework.security.core.userdetails does not exist
[ERROR] /home/coder/Workspace/demo/src/main/java/com/example/demo/security/CustomUserDetailsService.java:[12,50] cannot find symbol
[ERROR]   symbol: class UserDetailsService
[ERROR] /home/coder/Workspace/demo/src/main/java/com/example/demo/security/CustomUserDetailsService.java:[18,12] cannot find symbol
[ERROR]   symbol:   class UserDetails
[ERROR]   location: class com.example.demo.security.CustomUserDetailsService
[ERROR] /home/coder/Workspace/demo/src/main/java/com/example/demo/security/CustomUserDetailsService.java:[19,20] cannot find symbol
[ERROR]   symbol:   class UsernameNotFoundException
[ERROR]   location: class com.example.demo.security.CustomUserDetailsService
[ERROR] /home/coder/Workspace/demo/src/main/java/com/example/demo/security/JwtAuthenticationFilter.java:[8,51] package org.springframework.security.authentication does not exist
[ERROR] /home/coder/Workspace/demo/src/main/java/com/example/demo/security/JwtAuthenticationFilter.java:[9,49] package org.springframework.security.core.context does not exist
[ERROR] /home/coder/Workspace/demo/src/main/java/com/example/demo/security/JwtAuthenticationFilter.java:[10,55] package org.springframework.security.web.authentication does not exist
[ERROR] /home/coder/Workspace/demo/src/main/java/com/example/demo/security/jwtUtil.java:[36,13] cannot find symbol
[ERROR]   symbol:   class Claims
[ERROR]   location: class com.example.demo.security.JwtUtil
[ERROR] /home/coder/Workspace/demo/src/main/java/com/example/demo/security/jwtUtil.java:[3,1] package io.jsonwebtoken does not exist
[ERROR] /home/coder/Workspace/demo/src/main/java/com/example/demo/service/impl/UserServiceImpl.java:[8,52] package org.springframework.security.crypto.password does not exist
[ERROR] /home/coder/Workspace/demo/src/main/java/com/example/demo/service/impl/UserServiceImpl.java:[18,13] cannot find symbol
[ERROR]   symbol:   class PasswordEncoder
[ERROR]   location: class com.example.demo.service.impl.UserServiceImpl
[ERROR] /home/coder/Workspace/demo/src/main/java/com/example/demo/controller/UserController.java:[19,27] cannot find symbol
[ERROR]   symbol:   method getAllUsers()
[ERROR]   location: variable userService of type com.example.demo.service.UserService
[ERROR] /home/coder/Workspace/demo/src/main/java/com/example/demo/controller/UserController.java:[24,27] cannot find symbol
[ERROR]   symbol:   method getUserById(java.lang.Long)
[ERROR]   location: variable userService of type com.example.demo.service.UserService
[ERROR] /home/coder/Workspace/demo/src/main/java/com/example/demo/security/CustomUserDetails.java:[18,5] method does not override or implement a method from a supertype
[ERROR] /home/coder/Workspace/demo/src/main/java/com/example/demo/security/CustomUserDetails.java:[23,5] method does not override or implement a method from a supertype
[ERROR] /home/coder/Workspace/demo/src/main/java/com/example/demo/security/CustomUserDetails.java:[25,20] cannot find symbol
[ERROR]   symbol:   method getPassword()
[ERROR]   location: variable user of type com.example.demo.entity.User
[ERROR] /home/coder/Workspace/demo/src/main/java/com/example/demo/security/CustomUserDetails.java:[28,5] method does not override or implement a method from a supertype
[ERROR] /home/coder/Workspace/demo/src/main/java/com/example/demo/security/CustomUserDetails.java:[30,20] cannot find symbol
[ERROR]   symbol:   method getEmail()
[ERROR]   location: variable user of type com.example.demo.entity.User
[ERROR] /home/coder/Workspace/demo/src/main/java/com/example/demo/security/CustomUserDetails.java:[33,5] method does not override or implement a method from a supertype
[ERROR] /home/coder/Workspace/demo/src/main/java/com/example/demo/security/CustomUserDetails.java:[38,5] method does not override or implement a method from a supertype
[ERROR] /home/coder/Workspace/demo/src/main/java/com/example/demo/security/CustomUserDetails.java:[43,5] method does not override or implement a method from a supertype
[ERROR] /home/coder/Workspace/demo/src/main/java/com/example/demo/security/CustomUserDetails.java:[48,5] method does not override or implement a method from a supertype
[ERROR] /home/coder/Workspace/demo/src/main/java/com/example/demo/security/CustomUserDetailsService.java:[17,5] method does not override or implement a method from a supertype
[ERROR] /home/coder/Workspace/demo/src/main/java/com/example/demo/security/CustomUserDetailsService.java:[23,29] cannot find symbol
[ERROR]   symbol:   class UsernameNotFoundException
[ERROR]   location: class com.example.demo.security.CustomUserDetailsService
[ERROR] /home/coder/Workspace/demo/src/main/java/com/example/demo/security/JwtAuthenticationFilter.java:[41,17] cannot find symbol
[ERROR]   symbol:   variable SecurityContextHolder
[ERROR]   location: class com.example.demo.security.JwtAuthenticationFilter
[ERROR] /home/coder/Workspace/demo/src/main/java/com/example/demo/security/JwtAuthenticationFilter.java:[46,13] cannot find symbol
[ERROR]   symbol:   class UsernamePasswordAuthenticationToken
[ERROR]   location: class com.example.demo.security.JwtAuthenticationFilter
[ERROR] /home/coder/Workspace/demo/src/main/java/com/example/demo/security/JwtAuthenticationFilter.java:[47,25] cannot find symbol
[ERROR]   symbol:   class UsernamePasswordAuthenticationToken
[ERROR]   location: class com.example.demo.security.JwtAuthenticationFilter
[ERROR] /home/coder/Workspace/demo/src/main/java/com/example/demo/security/JwtAuthenticationFilter.java:[52,33] cannot find symbol
[ERROR]   symbol:   class WebAuthenticationDetailsSource
[ERROR]   location: class com.example.demo.security.JwtAuthenticationFilter
[ERROR] /home/coder/Workspace/demo/src/main/java/com/example/demo/security/JwtAuthenticationFilter.java:[53,13] cannot find symbol
[ERROR]   symbol:   variable SecurityContextHolder
[ERROR]   location: class com.example.demo.security.JwtAuthenticationFilter
[ERROR] /home/coder/Workspace/demo/src/main/java/com/example/demo/security/jwtUtil.java:[19,27] cannot find symbol
[ERROR]   symbol:   variable SignatureAlgorithm
[ERROR]   location: class com.example.demo.security.JwtUtil
[ERROR] /home/coder/Workspace/demo/src/main/java/com/example/demo/security/jwtUtil.java:[15,16] cannot find symbol
[ERROR]   symbol:   variable Jwts
[ERROR]   location: class com.example.demo.security.JwtUtil
[ERROR] /home/coder/Workspace/demo/src/main/java/com/example/demo/security/jwtUtil.java:[37,16] cannot find symbol
[ERROR]   symbol:   variable Jwts
[ERROR]   location: class com.example.demo.security.JwtUtil
[ERROR] /home/coder/Workspace/demo/src/main/java/com/example/demo/service/impl/UserServiceImpl.java:[23,46] cannot find symbol
[ERROR]   symbol:   method getEmail()
[ERROR]   location: variable user of type com.example.demo.entity.User
[ERROR] /home/coder/Workspace/demo/src/main/java/com/example/demo/service/impl/UserServiceImpl.java:[27,53] cannot find symbol
[ERROR]   symbol:   method getPassword()
[ERROR]   location: variable user of type com.example.demo.entity.User
[ERROR] -> [Help 1]
[ERROR] 
[ERROR] To see the full stack trace of the errors, re-run Maven with the -e switch.
[ERROR] Re-run Maven using the -X switch to enable full debug logging.
[ERROR] 
[ERROR] For more information about the errors and possible solutions, please read the following articles:
[ERROR] [Help 1] http://cwiki.apache.org/confluence/display/MAVEN/MojoFailureException
coder@ca6d755e3eb6:~/Workspace/demo$ 